localhost 0:0:0:0:0:0:0:1 - - [2017-03-09 15:04:27] "GET / HTTP/1.1" 404 621 "-" "Mozilla/5.0 (Windows NT 6.1; Win64; x64) AppleWebKit/537.36 (KHTML, like Gecko) Chrome/54.0.2840.99 Safari/537.36" -
localhost 0:0:0:0:0:0:0:1 - - [2017-03-09 15:04:27] "GET /favicon.ico HTTP/1.1" 200 1150 "http://localhost:8081/" "Mozilla/5.0 (Windows NT 6.1; Win64; x64) AppleWebKit/537.36 (KHTML, like Gecko) Chrome/54.0.2840.99 Safari/537.36" -
localhost 0:0:0:0:0:0:0:1 - - [2017-03-09 15:08:12] "GET / HTTP/1.1" 404 609 "-" "Mozilla/5.0 (Windows NT 6.1; Win64; x64) AppleWebKit/537.36 (KHTML, like Gecko) Chrome/54.0.2840.99 Safari/537.36" -
localhost 0:0:0:0:0:0:0:1 - - [2017-03-09 15:08:12] "GET /favicon.ico HTTP/1.1" 200 1150 "http://localhost:8081/" "Mozilla/5.0 (Windows NT 6.1; Win64; x64) AppleWebKit/537.36 (KHTML, like Gecko) Chrome/54.0.2840.99 Safari/537.36" -
localhost 0:0:0:0:0:0:0:1 - - [2017-03-09 15:11:24] "GET / HTTP/1.1" 404 613 "-" "Mozilla/5.0 (Windows NT 6.1; Win64; x64) AppleWebKit/537.36 (KHTML, like Gecko) Chrome/54.0.2840.99 Safari/537.36" -
localhost 0:0:0:0:0:0:0:1 - - [2017-03-09 20:12:46] "GET / HTTP/1.1" 404 629 "-" "Mozilla/5.0 (Windows NT 6.1; Win64; x64) AppleWebKit/537.36 (KHTML, like Gecko) Chrome/54.0.2840.99 Safari/537.36" -
localhost 0:0:0:0:0:0:0:1 - - [2017-03-09 20:17:53] "GET / HTTP/1.1" 404 629 "-" "Mozilla/5.0 (Windows NT 6.1; Win64; x64) AppleWebKit/537.36 (KHTML, like Gecko) Chrome/54.0.2840.99 Safari/537.36" -
localhost 0:0:0:0:0:0:0:1 - - [2017-03-09 20:17:53] "GET /favicon.ico HTTP/1.1" 200 1150 "http://localhost:8081/" "Mozilla/5.0 (Windows NT 6.1; Win64; x64) AppleWebKit/537.36 (KHTML, like Gecko) Chrome/54.0.2840.99 Safari/537.36" -
localhost 0:0:0:0:0:0:0:1 - - [2017-03-09 20:20:00] "GET / HTTP/1.1" 404 629 "-" "Mozilla/5.0 (Windows NT 6.1; Win64; x64) AppleWebKit/537.36 (KHTML, like Gecko) Chrome/54.0.2840.99 Safari/537.36" -
localhost 0:0:0:0:0:0:0:1 - - [2017-03-09 20:27:01] "GET / HTTP/1.1" 404 629 "-" "Mozilla/5.0 (Windows NT 6.1; Win64; x64) AppleWebKit/537.36 (KHTML, like Gecko) Chrome/54.0.2840.99 Safari/537.36" -
localhost 0:0:0:0:0:0:0:1 - - [2017-03-09 20:27:05] "GET / HTTP/1.1" 404 629 "-" "Mozilla/5.0 (Windows NT 6.1; Win64; x64) AppleWebKit/537.36 (KHTML, like Gecko) Chrome/54.0.2840.99 Safari/537.36" -
localhost 0:0:0:0:0:0:0:1 - - [2017-03-09 20:27:53] "GET / HTTP/1.1" 404 629 "-" "Mozilla/5.0 (Windows NT 6.1; Win64; x64) AppleWebKit/537.36 (KHTML, like Gecko) Chrome/54.0.2840.99 Safari/537.36" -
localhost 0:0:0:0:0:0:0:1 - - [2017-03-09 20:36:13] "GET / HTTP/1.1" 404 628 "-" "Mozilla/5.0 (Windows NT 6.1; Win64; x64) AppleWebKit/537.36 (KHTML, like Gecko) Chrome/54.0.2840.99 Safari/537.36" -
localhost 0:0:0:0:0:0:0:1 - - [2017-03-09 20:40:16] "GET / HTTP/1.1" 200 405 "-" "Mozilla/5.0 (Windows NT 6.1; Win64; x64) AppleWebKit/537.36 (KHTML, like Gecko) Chrome/54.0.2840.99 Safari/537.36" -
localhost 0:0:0:0:0:0:0:1 - - [2017-03-09 20:40:16] "GET /jetty-dir.css HTTP/1.1" 200 319 "http://localhost:8081/" "Mozilla/5.0 (Windows NT 6.1; Win64; x64) AppleWebKit/537.36 (KHTML, like Gecko) Chrome/54.0.2840.99 Safari/537.36" -
localhost 0:0:0:0:0:0:0:1 - - [2017-03-09 20:45:39] "GET /templates/ HTTP/1.1" 200 361 "http://localhost:8081/" "Mozilla/5.0 (Windows NT 6.1; Win64; x64) AppleWebKit/537.36 (KHTML, like Gecko) Chrome/54.0.2840.99 Safari/537.36" -
localhost 0:0:0:0:0:0:0:1 - - [2017-03-09 20:45:41] "GET /js/ HTTP/1.1" 200 377 "http://localhost:8081/" "Mozilla/5.0 (Windows NT 6.1; Win64; x64) AppleWebKit/537.36 (KHTML, like Gecko) Chrome/54.0.2840.99 Safari/537.36" -
localhost 0:0:0:0:0:0:0:1 - - [2017-03-09 20:45:41] "GET /js/jetty-dir.css HTTP/1.1" 200 319 "http://localhost:8081/js/" "Mozilla/5.0 (Windows NT 6.1; Win64; x64) AppleWebKit/537.36 (KHTML, like Gecko) Chrome/54.0.2840.99 Safari/537.36" -
localhost 0:0:0:0:0:0:0:1 - - [2017-03-09 20:45:43] "GET /js/test.js HTTP/1.1" 200 16 "http://localhost:8081/js/" "Mozilla/5.0 (Windows NT 6.1; Win64; x64) AppleWebKit/537.36 (KHTML, like Gecko) Chrome/54.0.2840.99 Safari/537.36" -
localhost 0:0:0:0:0:0:0:1 - - [2017-03-09 20:51:03] "GET / HTTP/1.1" 200 405 "-" "Mozilla/5.0 (Windows NT 6.1; Win64; x64) AppleWebKit/537.36 (KHTML, like Gecko) Chrome/54.0.2840.99 Safari/537.36" -
localhost 0:0:0:0:0:0:0:1 - - [2017-03-09 21:04:53] "GET /cmsSystem/login/select HTTP/1.1" 404 306 "-" "Mozilla/5.0 (Windows NT 6.1; Win64; x64) AppleWebKit/537.36 (KHTML, like Gecko) Chrome/54.0.2840.99 Safari/537.36" -
localhost 0:0:0:0:0:0:0:1 - - [2017-03-09 21:04:59] "GET / HTTP/1.1" 200 405 "-" "Mozilla/5.0 (Windows NT 6.1; Win64; x64) AppleWebKit/537.36 (KHTML, like Gecko) Chrome/54.0.2840.99 Safari/537.36" -
localhost 0:0:0:0:0:0:0:1 - - [2017-03-09 21:04:59] "GET /jetty-dir.css HTTP/1.1" 200 319 "http://localhost:8080/" "Mozilla/5.0 (Windows NT 6.1; Win64; x64) AppleWebKit/537.36 (KHTML, like Gecko) Chrome/54.0.2840.99 Safari/537.36" -
localhost 0:0:0:0:0:0:0:1 - - [2017-03-09 21:05:04] "GET /cmsSystem HTTP/1.1" 404 293 "-" "Mozilla/5.0 (Windows NT 6.1; Win64; x64) AppleWebKit/537.36 (KHTML, like Gecko) Chrome/54.0.2840.99 Safari/537.36" -
localhost 0:0:0:0:0:0:0:1 - - [2017-03-09 21:05:09] "GET /cmsSystem/index.jsp HTTP/1.1" 404 325 "-" "Mozilla/5.0 (Windows NT 6.1; Win64; x64) AppleWebKit/537.36 (KHTML, like Gecko) Chrome/54.0.2840.99 Safari/537.36" -
localhost 0:0:0:0:0:0:0:1 - - [2017-03-09 21:05:20] "GET /cmsSystem/login/select HTTP/1.1" 404 306 "-" "Mozilla/5.0 (Windows NT 6.1; Win64; x64) AppleWebKit/537.36 (KHTML, like Gecko) Chrome/54.0.2840.99 Safari/537.36" -
localhost 0:0:0:0:0:0:0:1 - - [2017-03-09 21:06:32] "GET /cmsSystem/login/select HTTP/1.1" 404 306 "-" "Mozilla/5.0 (Windows NT 6.1; Win64; x64) AppleWebKit/537.36 (KHTML, like Gecko) Chrome/54.0.2840.99 Safari/537.36" -
localhost 0:0:0:0:0:0:0:1 - - [2017-03-09 21:06:42] "GET /cmsSystem/login/select HTTP/1.1" 404 306 "-" "Mozilla/5.0 (Windows NT 6.1; Win64; x64) AppleWebKit/537.36 (KHTML, like Gecko) Chrome/54.0.2840.99 Safari/537.36" -
localhost 0:0:0:0:0:0:0:1 - - [2017-03-09 21:20:38] "GET / HTTP/1.1" 200 405 "-" "Mozilla/5.0 (Windows NT 6.1; Win64; x64) AppleWebKit/537.36 (KHTML, like Gecko) Chrome/54.0.2840.99 Safari/537.36" -
localhost 0:0:0:0:0:0:0:1 - - [2017-03-09 21:27:34] "GET / HTTP/1.1" 200 405 "-" "Mozilla/5.0 (Windows NT 6.1; Win64; x64) AppleWebKit/537.36 (KHTML, like Gecko) Chrome/54.0.2840.99 Safari/537.36" -
localhost 0:0:0:0:0:0:0:1 - - [2017-03-09 21:28:26] "GET / HTTP/1.1" 200 405 "-" "Mozilla/5.0 (Windows NT 6.1; Win64; x64) AppleWebKit/537.36 (KHTML, like Gecko) Chrome/54.0.2840.99 Safari/537.36" -
localhost 0:0:0:0:0:0:0:1 - - [2017-03-09 21:28:28] "GET / HTTP/1.1" 200 405 "-" "Mozilla/5.0 (Windows NT 6.1; Win64; x64) AppleWebKit/537.36 (KHTML, like Gecko) Chrome/54.0.2840.99 Safari/537.36" -
localhost 0:0:0:0:0:0:0:1 - - [2017-03-09 21:28:54] "GET / HTTP/1.1" 200 405 "-" "Mozilla/5.0 (Windows NT 6.1; Win64; x64) AppleWebKit/537.36 (KHTML, like Gecko) Chrome/54.0.2840.99 Safari/537.36" -
localhost 0:0:0:0:0:0:0:1 - - [2017-03-09 21:29:32] "GET /templates/ HTTP/1.1" 200 362 "http://localhost:8080/" "Mozilla/5.0 (Windows NT 6.1; Win64; x64) AppleWebKit/537.36 (KHTML, like Gecko) Chrome/54.0.2840.99 Safari/537.36" -
localhost 0:0:0:0:0:0:0:1 - - [2017-03-09 21:29:33] "GET /cmsSystem/login/select HTTP/1.1" 404 306 "-" "Mozilla/5.0 (Windows NT 6.1; Win64; x64) AppleWebKit/537.36 (KHTML, like Gecko) Chrome/54.0.2840.99 Safari/537.36" -
localhost 0:0:0:0:0:0:0:1 - - [2017-03-09 21:29:35] "GET /cmsSystem/login/select HTTP/1.1" 404 306 "-" "Mozilla/5.0 (Windows NT 6.1; Win64; x64) AppleWebKit/537.36 (KHTML, like Gecko) Chrome/54.0.2840.99 Safari/537.36" -
localhost 0:0:0:0:0:0:0:1 - - [2017-03-09 21:29:40] "GET / HTTP/1.1" 200 405 "-" "Mozilla/5.0 (Windows NT 6.1; Win64; x64) AppleWebKit/537.36 (KHTML, like Gecko) Chrome/54.0.2840.99 Safari/537.36" -
localhost 0:0:0:0:0:0:0:1 - - [2017-03-09 21:31:13] "GET / HTTP/1.1" 200 405 "-" "Mozilla/5.0 (Windows NT 6.1; Win64; x64) AppleWebKit/537.36 (KHTML, like Gecko) Chrome/54.0.2840.99 Safari/537.36" -
localhost 0:0:0:0:0:0:0:1 - - [2017-03-09 21:31:19] "GET / HTTP/1.1" 200 405 "-" "Mozilla/5.0 (Windows NT 6.1; Win64; x64) AppleWebKit/537.36 (KHTML, like Gecko) Chrome/54.0.2840.99 Safari/537.36" -
localhost 0:0:0:0:0:0:0:1 - - [2017-03-09 21:31:24] "GET / HTTP/1.1" 200 405 "-" "Mozilla/5.0 (Windows NT 6.1; Win64; x64) AppleWebKit/537.36 (KHTML, like Gecko) Chrome/54.0.2840.99 Safari/537.36" -
localhost 0:0:0:0:0:0:0:1 - - [2017-03-09 21:31:26] "GET / HTTP/1.1" 200 405 "-" "Mozilla/5.0 (Windows NT 6.1; Win64; x64) AppleWebKit/537.36 (KHTML, like Gecko) Chrome/54.0.2840.99 Safari/537.36" -
localhost 0:0:0:0:0:0:0:1 - - [2017-03-09 21:31:41] "GET / HTTP/1.1" 200 405 "-" "Mozilla/5.0 (Windows NT 6.1; Win64; x64) AppleWebKit/537.36 (KHTML, like Gecko) Chrome/54.0.2840.99 Safari/537.36" -
localhost 0:0:0:0:0:0:0:1 - - [2017-03-09 21:33:26] "GET / HTTP/1.1" 200 405 "-" "Mozilla/5.0 (Windows NT 6.1; Win64; x64) AppleWebKit/537.36 (KHTML, like Gecko) Chrome/54.0.2840.99 Safari/537.36" -
localhost 0:0:0:0:0:0:0:1 - - [2017-03-09 21:33:26] "GET /jetty-dir.css HTTP/1.1" 304 - "http://localhost:8080/" "Mozilla/5.0 (Windows NT 6.1; Win64; x64) AppleWebKit/537.36 (KHTML, like Gecko) Chrome/54.0.2840.99 Safari/537.36" -
localhost 0:0:0:0:0:0:0:1 - - [2017-03-09 21:33:28] "GET / HTTP/1.1" 200 405 "-" "Mozilla/5.0 (Windows NT 6.1; Win64; x64) AppleWebKit/537.36 (KHTML, like Gecko) Chrome/54.0.2840.99 Safari/537.36" -
localhost 0:0:0:0:0:0:0:1 - - [2017-03-09 21:33:35] "GET /cmsSystem/login/select HTTP/1.1" 404 306 "-" "Mozilla/5.0 (Windows NT 6.1; Win64; x64) AppleWebKit/537.36 (KHTML, like Gecko) Chrome/54.0.2840.99 Safari/537.36" -
